<?xml version="1.0" encoding="UTF-8"?>
<testng-results ignored="0" total="1" passed="1" failed="0" skipped="0">
  <reporter-output>
  </reporter-output>
  <suite started-at="2023-06-21T23:57:14 IST" name="Default suite" finished-at="2023-06-21T23:57:54 IST" duration-ms="39942">
    <groups>
    </groups>
    <test started-at="2023-06-21T23:57:14 IST" name="Default test" finished-at="2023-06-21T23:57:54 IST" duration-ms="39942">
      <class name="Module1_Login_Test.PBLoginTest1">
        <test-method is-config="true" signature="OpenBrowser()[pri:0, instance:Module1_Login_Test.PBLoginTest1@f0da945]" started-at="2023-06-21T23:57:14 IST" name="OpenBrowser" finished-at="2023-06-21T23:57:35 IST" duration-ms="20679" status="PASS">
          <reporter-output>
          </reporter-output>
        </test-method> <!-- OpenBrowser -->
        <test-method is-config="true" signature="LoginToApp()[pri:0, instance:Module1_Login_Test.PBLoginTest1@f0da945]" started-at="2023-06-21T23:57:35 IST" name="LoginToApp" finished-at="2023-06-21T23:57:44 IST" duration-ms="8635" status="PASS">
          <reporter-output>
          </reporter-output>
        </test-method> <!-- LoginToApp -->
        <test-method signature="VerifyFullName()[pri:0, instance:Module1_Login_Test.PBLoginTest1@f0da945]" started-at="2023-06-21T23:57:44 IST" name="VerifyFullName" finished-at="2023-06-21T23:57:52 IST" duration-ms="8014" status="PASS">
          <reporter-output>
          </reporter-output>
        </test-method> <!-- VerifyFullName -->
        <test-method is-config="true" signature="LogoutFromApp(org.testng.ITestResult)[pri:0, instance:Module1_Login_Test.PBLoginTest1@f0da945]" started-at="2023-06-21T23:57:52 IST" name="LogoutFromApp" finished-at="2023-06-21T23:57:52 IST" duration-ms="4" status="PASS">
          <params>
            <param index="0">
              <value>
                <![CDATA[[TestResult name=VerifyFullName status=SUCCESS method=PBLoginTest1.VerifyFullName()[pri:0, instance:Module1_Login_Test.PBLoginTest1@f0da945] output={null}]]]>
              </value>
            </param>
          </params>
          <reporter-output>
          </reporter-output>
        </test-method> <!-- LogoutFromApp -->
        <test-method is-config="true" signature="CloseBrowser()[pri:0, instance:Module1_Login_Test.PBLoginTest1@f0da945]" started-at="2023-06-21T23:57:52 IST" name="CloseBrowser" finished-at="2023-06-21T23:57:54 IST" duration-ms="2471" status="PASS">
          <reporter-output>
          </reporter-output>
        </test-method> <!-- CloseBrowser -->
      </class> <!-- Module1_Login_Test.PBLoginTest1 -->
    </test> <!-- Default test -->
  </suite> <!-- Default suite -->
</testng-results>
